[17:04:2025]-[09:22:36]_systemd_RUNNING
[17:04:2025]-[09:22:36]_(sd-pam)_RUNNING
[17:04:2025]-[09:22:36]_pulseaudio_RUNNING
[17:04:2025]-[09:22:36]_bash_RUNNING
[17:04:2025]-[09:22:36]_dbus-daemon_RUNNING
[17:04:2025]-[09:22:36]_gnome-keyring-d_RUNNING
[17:04:2025]-[09:22:36]_x-session-manag_RUNNING
[17:04:2025]-[09:22:36]_dconf-service_RUNNING
[17:04:2025]-[09:22:36]_VBoxClient_RUNNING
[17:04:2025]-[09:22:36]_VBoxClient_RUNNING
[17:04:2025]-[09:22:36]_VBoxClient_RUNNING
[17:04:2025]-[09:22:36]_VBoxClient_RUNNING
[17:04:2025]-[09:22:36]_VBoxClient_RUNNING
[17:04:2025]-[09:22:36]_VBoxClient_RUNNING
[17:04:2025]-[09:22:36]_ssh-agent_RUNNING
[17:04:2025]-[09:22:36]_at-spi-bus-laun_RUNNING
[17:04:2025]-[09:22:36]_dbus-daemon_RUNNING
[17:04:2025]-[09:22:36]_mate-settings-d_RUNNING
[17:04:2025]-[09:22:36]_at-spi2-registr_RUNNING
[17:04:2025]-[09:22:36]_marco_RUNNING
[17:04:2025]-[09:22:36]_gvfsd_RUNNING
[17:04:2025]-[09:22:36]_mate-panel_RUNNING
[17:04:2025]-[09:22:36]_gvfsd-fuse_RUNNING
[17:04:2025]-[09:22:36]_VBoxClient_RUNNING
[17:04:2025]-[09:22:36]_VBoxClient_RUNNING
[17:04:2025]-[09:22:36]_caja_RUNNING
[17:04:2025]-[09:22:36]_brisk-menu_RUNNING
[17:04:2025]-[09:22:36]_wnck-applet_RUNNING
[17:04:2025]-[09:22:36]_mate-inhibit-ap_RUNNING
[17:04:2025]-[09:22:36]_blueman-applet_RUNNING
[17:04:2025]-[09:22:36]_mate-volume-con_RUNNING
[17:04:2025]-[09:22:36]_polkit-mate-aut_RUNNING
[17:04:2025]-[09:22:36]_nm-applet_RUNNING
[17:04:2025]-[09:22:36]_applet.py_RUNNING
[17:04:2025]-[09:22:36]_agent_RUNNING
[17:04:2025]-[09:22:36]_gvfs-udisks2-vo_RUNNING
[17:04:2025]-[09:22:36]_mate-power-mana_RUNNING
[17:04:2025]-[09:22:36]_mate-screensave_RUNNING
[17:04:2025]-[09:22:36]_xdg-desktop-por_RUNNING
[17:04:2025]-[09:22:36]_xdg-document-po_RUNNING
[17:04:2025]-[09:22:36]_gvfs-mtp-volume_RUNNING
[17:04:2025]-[09:22:36]_xdg-permission-_RUNNING
[17:04:2025]-[09:22:36]_gvfs-gphoto2-vo_RUNNING
[17:04:2025]-[09:22:36]_gvfs-goa-volume_RUNNING
[17:04:2025]-[09:22:36]_xdg-desktop-por_RUNNING
[17:04:2025]-[09:22:36]_gvfs-afc-volume_RUNNING
[17:04:2025]-[09:22:36]_mate-multiload-_RUNNING
[17:04:2025]-[09:22:36]_clock-applet_RUNNING
[17:04:2025]-[09:22:36]_notification-ar_RUNNING
[17:04:2025]-[09:22:36]_gvfsd-trash_RUNNING
[17:04:2025]-[09:22:36]_gvfsd-metadata_RUNNING
[17:04:2025]-[09:22:36]_obexd_RUNNING
[17:04:2025]-[09:22:36]_mate-terminal_RUNNING
[17:04:2025]-[09:22:36]_bash_RUNNING
[17:04:2025]-[09:22:36]_debugmon_RUNNING
[17:04:2025]-[09:22:36]_sh_RUNNING
[17:04:2025]-[09:22:36]_ps_RUNNING
[17:04:2025]-[09:22:41]_systemd_RUNNING
[17:04:2025]-[09:22:41]_(sd-pam)_RUNNING
[17:04:2025]-[09:22:41]_pulseaudio_RUNNING
[17:04:2025]-[09:22:41]_bash_RUNNING
[17:04:2025]-[09:22:41]_dbus-daemon_RUNNING
[17:04:2025]-[09:22:41]_gnome-keyring-d_RUNNING
[17:04:2025]-[09:22:41]_x-session-manag_RUNNING
[17:04:2025]-[09:22:41]_dconf-service_RUNNING
[17:04:2025]-[09:22:41]_VBoxClient_RUNNING
[17:04:2025]-[09:22:41]_VBoxClient_RUNNING
[17:04:2025]-[09:22:41]_VBoxClient_RUNNING
[17:04:2025]-[09:22:41]_VBoxClient_RUNNING
[17:04:2025]-[09:22:41]_VBoxClient_RUNNING
[17:04:2025]-[09:22:41]_VBoxClient_RUNNING
[17:04:2025]-[09:22:41]_ssh-agent_RUNNING
[17:04:2025]-[09:22:41]_at-spi-bus-laun_RUNNING
[17:04:2025]-[09:22:41]_dbus-daemon_RUNNING
[17:04:2025]-[09:22:41]_mate-settings-d_RUNNING
[17:04:2025]-[09:22:41]_at-spi2-registr_RUNNING
[17:04:2025]-[09:22:41]_marco_RUNNING
[17:04:2025]-[09:22:41]_gvfsd_RUNNING
[17:04:2025]-[09:22:41]_mate-panel_RUNNING
[17:04:2025]-[09:22:41]_gvfsd-fuse_RUNNING
[17:04:2025]-[09:22:41]_VBoxClient_RUNNING
[17:04:2025]-[09:22:41]_VBoxClient_RUNNING
[17:04:2025]-[09:22:41]_caja_RUNNING
[17:04:2025]-[09:22:41]_brisk-menu_RUNNING
[17:04:2025]-[09:22:41]_wnck-applet_RUNNING
[17:04:2025]-[09:22:41]_mate-inhibit-ap_RUNNING
[17:04:2025]-[09:22:41]_blueman-applet_RUNNING
[17:04:2025]-[09:22:41]_mate-volume-con_RUNNING
[17:04:2025]-[09:22:41]_polkit-mate-aut_RUNNING
[17:04:2025]-[09:22:41]_nm-applet_RUNNING
[17:04:2025]-[09:22:41]_applet.py_RUNNING
[17:04:2025]-[09:22:41]_agent_RUNNING
[17:04:2025]-[09:22:41]_gvfs-udisks2-vo_RUNNING
[17:04:2025]-[09:22:41]_mate-power-mana_RUNNING
[17:04:2025]-[09:22:41]_mate-screensave_RUNNING
[17:04:2025]-[09:22:41]_xdg-desktop-por_RUNNING
[17:04:2025]-[09:22:41]_xdg-document-po_RUNNING
[17:04:2025]-[09:22:41]_gvfs-mtp-volume_RUNNING
[17:04:2025]-[09:22:41]_xdg-permission-_RUNNING
[17:04:2025]-[09:22:41]_gvfs-gphoto2-vo_RUNNING
[17:04:2025]-[09:22:41]_gvfs-goa-volume_RUNNING
[17:04:2025]-[09:22:41]_xdg-desktop-por_RUNNING
[17:04:2025]-[09:22:41]_gvfs-afc-volume_RUNNING
[17:04:2025]-[09:22:41]_mate-multiload-_RUNNING
[17:04:2025]-[09:22:41]_clock-applet_RUNNING
[17:04:2025]-[09:22:41]_notification-ar_RUNNING
[17:04:2025]-[09:22:41]_gvfsd-trash_RUNNING
[17:04:2025]-[09:22:41]_gvfsd-metadata_RUNNING
[17:04:2025]-[09:22:41]_obexd_RUNNING
[17:04:2025]-[09:22:41]_mate-terminal_RUNNING
[17:04:2025]-[09:22:41]_bash_RUNNING
[17:04:2025]-[09:22:41]_debugmon_RUNNING
[17:04:2025]-[09:22:41]_sh_RUNNING
[17:04:2025]-[09:22:41]_ps_RUNNING
[17:04:2025]-[09:22:46]_systemd_RUNNING
[17:04:2025]-[09:22:46]_(sd-pam)_RUNNING
[17:04:2025]-[09:22:46]_pulseaudio_RUNNING
[17:04:2025]-[09:22:46]_bash_RUNNING
[17:04:2025]-[09:22:46]_dbus-daemon_RUNNING
[17:04:2025]-[09:22:46]_gnome-keyring-d_RUNNING
[17:04:2025]-[09:22:46]_x-session-manag_RUNNING
[17:04:2025]-[09:22:46]_dconf-service_RUNNING
[17:04:2025]-[09:22:46]_VBoxClient_RUNNING
[17:04:2025]-[09:22:46]_VBoxClient_RUNNING
[17:04:2025]-[09:22:46]_VBoxClient_RUNNING
[17:04:2025]-[09:22:46]_VBoxClient_RUNNING
[17:04:2025]-[09:22:46]_VBoxClient_RUNNING
[17:04:2025]-[09:22:46]_VBoxClient_RUNNING
[17:04:2025]-[09:22:46]_ssh-agent_RUNNING
[17:04:2025]-[09:22:46]_at-spi-bus-laun_RUNNING
[17:04:2025]-[09:22:46]_dbus-daemon_RUNNING
[17:04:2025]-[09:22:46]_mate-settings-d_RUNNING
[17:04:2025]-[09:22:46]_at-spi2-registr_RUNNING
[17:04:2025]-[09:22:46]_marco_RUNNING
[17:04:2025]-[09:22:46]_gvfsd_RUNNING
[17:04:2025]-[09:22:46]_mate-panel_RUNNING
[17:04:2025]-[09:22:46]_gvfsd-fuse_RUNNING
[17:04:2025]-[09:22:46]_VBoxClient_RUNNING
[17:04:2025]-[09:22:46]_VBoxClient_RUNNING
[17:04:2025]-[09:22:46]_caja_RUNNING
[17:04:2025]-[09:22:46]_brisk-menu_RUNNING
[17:04:2025]-[09:22:46]_wnck-applet_RUNNING
[17:04:2025]-[09:22:46]_mate-inhibit-ap_RUNNING
[17:04:2025]-[09:22:46]_blueman-applet_RUNNING
[17:04:2025]-[09:22:46]_mate-volume-con_RUNNING
[17:04:2025]-[09:22:46]_polkit-mate-aut_RUNNING
[17:04:2025]-[09:22:46]_nm-applet_RUNNING
[17:04:2025]-[09:22:46]_applet.py_RUNNING
[17:04:2025]-[09:22:46]_agent_RUNNING
[17:04:2025]-[09:22:46]_gvfs-udisks2-vo_RUNNING
[17:04:2025]-[09:22:46]_mate-power-mana_RUNNING
[17:04:2025]-[09:22:46]_mate-screensave_RUNNING
[17:04:2025]-[09:22:46]_xdg-desktop-por_RUNNING
[17:04:2025]-[09:22:46]_xdg-document-po_RUNNING
[17:04:2025]-[09:22:46]_gvfs-mtp-volume_RUNNING
[17:04:2025]-[09:22:46]_xdg-permission-_RUNNING
[17:04:2025]-[09:22:46]_gvfs-gphoto2-vo_RUNNING
[17:04:2025]-[09:22:46]_gvfs-goa-volume_RUNNING
[17:04:2025]-[09:22:46]_xdg-desktop-por_RUNNING
[17:04:2025]-[09:22:46]_gvfs-afc-volume_RUNNING
[17:04:2025]-[09:22:46]_mate-multiload-_RUNNING
[17:04:2025]-[09:22:46]_clock-applet_RUNNING
[17:04:2025]-[09:22:46]_notification-ar_RUNNING
[17:04:2025]-[09:22:46]_gvfsd-trash_RUNNING
[17:04:2025]-[09:22:46]_gvfsd-metadata_RUNNING
[17:04:2025]-[09:22:46]_obexd_RUNNING
[17:04:2025]-[09:22:46]_mate-terminal_RUNNING
[17:04:2025]-[09:22:46]_bash_RUNNING
[17:04:2025]-[09:22:46]_debugmon_RUNNING
[17:04:2025]-[09:22:46]_sh_RUNNING
[17:04:2025]-[09:22:46]_ps_RUNNING
[17:04:2025]-[09:22:51]_systemd_RUNNING
[17:04:2025]-[09:22:51]_(sd-pam)_RUNNING
[17:04:2025]-[09:22:51]_pulseaudio_RUNNING
[17:04:2025]-[09:22:51]_bash_RUNNING
[17:04:2025]-[09:22:51]_dbus-daemon_RUNNING
[17:04:2025]-[09:22:51]_gnome-keyring-d_RUNNING
[17:04:2025]-[09:22:51]_x-session-manag_RUNNING
[17:04:2025]-[09:22:51]_dconf-service_RUNNING
[17:04:2025]-[09:22:51]_VBoxClient_RUNNING
[17:04:2025]-[09:22:51]_VBoxClient_RUNNING
[17:04:2025]-[09:22:51]_VBoxClient_RUNNING
[17:04:2025]-[09:22:51]_VBoxClient_RUNNING
[17:04:2025]-[09:22:51]_VBoxClient_RUNNING
[17:04:2025]-[09:22:51]_VBoxClient_RUNNING
[17:04:2025]-[09:22:51]_ssh-agent_RUNNING
[17:04:2025]-[09:22:51]_at-spi-bus-laun_RUNNING
[17:04:2025]-[09:22:51]_dbus-daemon_RUNNING
[17:04:2025]-[09:22:51]_mate-settings-d_RUNNING
[17:04:2025]-[09:22:51]_at-spi2-registr_RUNNING
[17:04:2025]-[09:22:51]_marco_RUNNING
[17:04:2025]-[09:22:51]_gvfsd_RUNNING
[17:04:2025]-[09:22:51]_mate-panel_RUNNING
[17:04:2025]-[09:22:51]_gvfsd-fuse_RUNNING
[17:04:2025]-[09:22:51]_VBoxClient_RUNNING
[17:04:2025]-[09:22:51]_VBoxClient_RUNNING
[17:04:2025]-[09:22:51]_caja_RUNNING
[17:04:2025]-[09:22:51]_brisk-menu_RUNNING
[17:04:2025]-[09:22:51]_wnck-applet_RUNNING
[17:04:2025]-[09:22:51]_mate-inhibit-ap_RUNNING
[17:04:2025]-[09:22:51]_blueman-applet_RUNNING
[17:04:2025]-[09:22:51]_mate-volume-con_RUNNING
[17:04:2025]-[09:22:51]_polkit-mate-aut_RUNNING
[17:04:2025]-[09:22:51]_nm-applet_RUNNING
[17:04:2025]-[09:22:51]_applet.py_RUNNING
[17:04:2025]-[09:22:51]_agent_RUNNING
[17:04:2025]-[09:22:51]_gvfs-udisks2-vo_RUNNING
[17:04:2025]-[09:22:51]_mate-power-mana_RUNNING
[17:04:2025]-[09:22:51]_mate-screensave_RUNNING
[17:04:2025]-[09:22:51]_xdg-desktop-por_RUNNING
[17:04:2025]-[09:22:51]_xdg-document-po_RUNNING
[17:04:2025]-[09:22:51]_gvfs-mtp-volume_RUNNING
[17:04:2025]-[09:22:51]_xdg-permission-_RUNNING
[17:04:2025]-[09:22:51]_gvfs-gphoto2-vo_RUNNING
[17:04:2025]-[09:22:51]_gvfs-goa-volume_RUNNING
[17:04:2025]-[09:22:51]_xdg-desktop-por_RUNNING
[17:04:2025]-[09:22:51]_gvfs-afc-volume_RUNNING
[17:04:2025]-[09:22:51]_mate-multiload-_RUNNING
[17:04:2025]-[09:22:51]_clock-applet_RUNNING
[17:04:2025]-[09:22:51]_notification-ar_RUNNING
[17:04:2025]-[09:22:51]_gvfsd-trash_RUNNING
[17:04:2025]-[09:22:51]_gvfsd-metadata_RUNNING
[17:04:2025]-[09:22:51]_obexd_RUNNING
[17:04:2025]-[09:22:51]_mate-terminal_RUNNING
[17:04:2025]-[09:22:51]_bash_RUNNING
[17:04:2025]-[09:22:51]_debugmon_RUNNING
[17:04:2025]-[09:22:51]_sh_RUNNING
[17:04:2025]-[09:22:51]_ps_RUNNING
[17:04:2025]-[09:22:56]_systemd_RUNNING
[17:04:2025]-[09:22:56]_(sd-pam)_RUNNING
[17:04:2025]-[09:22:56]_pulseaudio_RUNNING
[17:04:2025]-[09:22:56]_bash_RUNNING
[17:04:2025]-[09:22:56]_dbus-daemon_RUNNING
[17:04:2025]-[09:22:56]_gnome-keyring-d_RUNNING
[17:04:2025]-[09:22:56]_x-session-manag_RUNNING
[17:04:2025]-[09:22:56]_dconf-service_RUNNING
[17:04:2025]-[09:22:56]_VBoxClient_RUNNING
[17:04:2025]-[09:22:56]_VBoxClient_RUNNING
[17:04:2025]-[09:22:56]_VBoxClient_RUNNING
[17:04:2025]-[09:22:56]_VBoxClient_RUNNING
[17:04:2025]-[09:22:56]_VBoxClient_RUNNING
[17:04:2025]-[09:22:56]_VBoxClient_RUNNING
[17:04:2025]-[09:22:56]_ssh-agent_RUNNING
[17:04:2025]-[09:22:56]_at-spi-bus-laun_RUNNING
[17:04:2025]-[09:22:56]_dbus-daemon_RUNNING
[17:04:2025]-[09:22:56]_mate-settings-d_RUNNING
[17:04:2025]-[09:22:56]_at-spi2-registr_RUNNING
[17:04:2025]-[09:22:56]_marco_RUNNING
[17:04:2025]-[09:22:56]_gvfsd_RUNNING
[17:04:2025]-[09:22:56]_mate-panel_RUNNING
[17:04:2025]-[09:22:56]_gvfsd-fuse_RUNNING
[17:04:2025]-[09:22:56]_VBoxClient_RUNNING
[17:04:2025]-[09:22:56]_VBoxClient_RUNNING
[17:04:2025]-[09:22:56]_caja_RUNNING
[17:04:2025]-[09:22:56]_brisk-menu_RUNNING
[17:04:2025]-[09:22:56]_wnck-applet_RUNNING
[17:04:2025]-[09:22:56]_mate-inhibit-ap_RUNNING
[17:04:2025]-[09:22:56]_blueman-applet_RUNNING
[17:04:2025]-[09:22:56]_mate-volume-con_RUNNING
[17:04:2025]-[09:22:56]_polkit-mate-aut_RUNNING
[17:04:2025]-[09:22:56]_nm-applet_RUNNING
[17:04:2025]-[09:22:56]_applet.py_RUNNING
[17:04:2025]-[09:22:56]_agent_RUNNING
[17:04:2025]-[09:22:56]_gvfs-udisks2-vo_RUNNING
[17:04:2025]-[09:22:56]_mate-power-mana_RUNNING
[17:04:2025]-[09:22:56]_mate-screensave_RUNNING
[17:04:2025]-[09:22:56]_xdg-desktop-por_RUNNING
[17:04:2025]-[09:22:56]_xdg-document-po_RUNNING
[17:04:2025]-[09:22:56]_gvfs-mtp-volume_RUNNING
[17:04:2025]-[09:22:56]_xdg-permission-_RUNNING
[17:04:2025]-[09:22:56]_gvfs-gphoto2-vo_RUNNING
[17:04:2025]-[09:22:56]_gvfs-goa-volume_RUNNING
[17:04:2025]-[09:22:56]_xdg-desktop-por_RUNNING
[17:04:2025]-[09:22:56]_gvfs-afc-volume_RUNNING
[17:04:2025]-[09:22:56]_mate-multiload-_RUNNING
[17:04:2025]-[09:22:56]_clock-applet_RUNNING
[17:04:2025]-[09:22:56]_notification-ar_RUNNING
[17:04:2025]-[09:22:56]_gvfsd-trash_RUNNING
[17:04:2025]-[09:22:56]_gvfsd-metadata_RUNNING
[17:04:2025]-[09:22:56]_obexd_RUNNING
[17:04:2025]-[09:22:56]_mate-terminal_RUNNING
[17:04:2025]-[09:22:56]_bash_RUNNING
[17:04:2025]-[09:22:56]_debugmon_RUNNING
[17:04:2025]-[09:22:56]_sh_RUNNING
[17:04:2025]-[09:22:56]_ps_RUNNING
[17:04:2025]-[09:23:01]_systemd_RUNNING
[17:04:2025]-[09:23:01]_(sd-pam)_RUNNING
[17:04:2025]-[09:23:01]_pulseaudio_RUNNING
[17:04:2025]-[09:23:01]_bash_RUNNING
[17:04:2025]-[09:23:01]_dbus-daemon_RUNNING
[17:04:2025]-[09:23:01]_gnome-keyring-d_RUNNING
[17:04:2025]-[09:23:01]_x-session-manag_RUNNING
[17:04:2025]-[09:23:01]_dconf-service_RUNNING
[17:04:2025]-[09:23:01]_VBoxClient_RUNNING
[17:04:2025]-[09:23:01]_VBoxClient_RUNNING
[17:04:2025]-[09:23:01]_VBoxClient_RUNNING
[17:04:2025]-[09:23:01]_VBoxClient_RUNNING
[17:04:2025]-[09:23:01]_VBoxClient_RUNNING
[17:04:2025]-[09:23:01]_VBoxClient_RUNNING
[17:04:2025]-[09:23:01]_ssh-agent_RUNNING
[17:04:2025]-[09:23:01]_at-spi-bus-laun_RUNNING
[17:04:2025]-[09:23:01]_dbus-daemon_RUNNING
[17:04:2025]-[09:23:01]_mate-settings-d_RUNNING
[17:04:2025]-[09:23:01]_at-spi2-registr_RUNNING
[17:04:2025]-[09:23:01]_marco_RUNNING
[17:04:2025]-[09:23:01]_gvfsd_RUNNING
[17:04:2025]-[09:23:01]_mate-panel_RUNNING
[17:04:2025]-[09:23:01]_gvfsd-fuse_RUNNING
[17:04:2025]-[09:23:01]_VBoxClient_RUNNING
[17:04:2025]-[09:23:01]_VBoxClient_RUNNING
[17:04:2025]-[09:23:01]_caja_RUNNING
[17:04:2025]-[09:23:01]_brisk-menu_RUNNING
[17:04:2025]-[09:23:01]_wnck-applet_RUNNING
[17:04:2025]-[09:23:01]_mate-inhibit-ap_RUNNING
[17:04:2025]-[09:23:01]_blueman-applet_RUNNING
[17:04:2025]-[09:23:01]_mate-volume-con_RUNNING
[17:04:2025]-[09:23:01]_polkit-mate-aut_RUNNING
[17:04:2025]-[09:23:01]_nm-applet_RUNNING
[17:04:2025]-[09:23:01]_applet.py_RUNNING
[17:04:2025]-[09:23:01]_agent_RUNNING
[17:04:2025]-[09:23:01]_gvfs-udisks2-vo_RUNNING
[17:04:2025]-[09:23:01]_mate-power-mana_RUNNING
[17:04:2025]-[09:23:01]_mate-screensave_RUNNING
[17:04:2025]-[09:23:01]_xdg-desktop-por_RUNNING
[17:04:2025]-[09:23:01]_xdg-document-po_RUNNING
[17:04:2025]-[09:23:01]_gvfs-mtp-volume_RUNNING
[17:04:2025]-[09:23:01]_xdg-permission-_RUNNING
[17:04:2025]-[09:23:01]_gvfs-gphoto2-vo_RUNNING
[17:04:2025]-[09:23:01]_gvfs-goa-volume_RUNNING
[17:04:2025]-[09:23:01]_xdg-desktop-por_RUNNING
[17:04:2025]-[09:23:01]_gvfs-afc-volume_RUNNING
[17:04:2025]-[09:23:01]_mate-multiload-_RUNNING
[17:04:2025]-[09:23:01]_clock-applet_RUNNING
[17:04:2025]-[09:23:01]_notification-ar_RUNNING
[17:04:2025]-[09:23:01]_gvfsd-trash_RUNNING
[17:04:2025]-[09:23:01]_gvfsd-metadata_RUNNING
[17:04:2025]-[09:23:01]_obexd_RUNNING
[17:04:2025]-[09:23:01]_mate-terminal_RUNNING
[17:04:2025]-[09:23:01]_bash_RUNNING
[17:04:2025]-[09:23:01]_debugmon_RUNNING
[17:04:2025]-[09:23:01]_sh_RUNNING
[17:04:2025]-[09:23:01]_ps_RUNNING
[17:04:2025]-[09:23:06]_systemd_RUNNING
[17:04:2025]-[09:23:06]_(sd-pam)_RUNNING
[17:04:2025]-[09:23:06]_pulseaudio_RUNNING
[17:04:2025]-[09:23:06]_bash_RUNNING
[17:04:2025]-[09:23:06]_dbus-daemon_RUNNING
[17:04:2025]-[09:23:06]_gnome-keyring-d_RUNNING
[17:04:2025]-[09:23:06]_x-session-manag_RUNNING
[17:04:2025]-[09:23:06]_dconf-service_RUNNING
[17:04:2025]-[09:23:06]_VBoxClient_RUNNING
[17:04:2025]-[09:23:06]_VBoxClient_RUNNING
[17:04:2025]-[09:23:06]_VBoxClient_RUNNING
[17:04:2025]-[09:23:06]_VBoxClient_RUNNING
[17:04:2025]-[09:23:06]_VBoxClient_RUNNING
[17:04:2025]-[09:23:06]_VBoxClient_RUNNING
[17:04:2025]-[09:23:06]_ssh-agent_RUNNING
[17:04:2025]-[09:23:06]_at-spi-bus-laun_RUNNING
[17:04:2025]-[09:23:06]_dbus-daemon_RUNNING
[17:04:2025]-[09:23:06]_mate-settings-d_RUNNING
[17:04:2025]-[09:23:06]_at-spi2-registr_RUNNING
[17:04:2025]-[09:23:06]_marco_RUNNING
[17:04:2025]-[09:23:06]_gvfsd_RUNNING
[17:04:2025]-[09:23:06]_mate-panel_RUNNING
[17:04:2025]-[09:23:06]_gvfsd-fuse_RUNNING
[17:04:2025]-[09:23:06]_VBoxClient_RUNNING
[17:04:2025]-[09:23:06]_VBoxClient_RUNNING
[17:04:2025]-[09:23:06]_caja_RUNNING
[17:04:2025]-[09:23:06]_brisk-menu_RUNNING
[17:04:2025]-[09:23:06]_wnck-applet_RUNNING
[17:04:2025]-[09:23:06]_mate-inhibit-ap_RUNNING
[17:04:2025]-[09:23:06]_blueman-applet_RUNNING
[17:04:2025]-[09:23:06]_mate-volume-con_RUNNING
[17:04:2025]-[09:23:06]_polkit-mate-aut_RUNNING
[17:04:2025]-[09:23:06]_nm-applet_RUNNING
[17:04:2025]-[09:23:06]_applet.py_RUNNING
[17:04:2025]-[09:23:06]_agent_RUNNING
[17:04:2025]-[09:23:06]_gvfs-udisks2-vo_RUNNING
[17:04:2025]-[09:23:06]_mate-power-mana_RUNNING
[17:04:2025]-[09:23:06]_mate-screensave_RUNNING
[17:04:2025]-[09:23:06]_xdg-desktop-por_RUNNING
[17:04:2025]-[09:23:06]_xdg-document-po_RUNNING
[17:04:2025]-[09:23:06]_gvfs-mtp-volume_RUNNING
[17:04:2025]-[09:23:06]_xdg-permission-_RUNNING
[17:04:2025]-[09:23:06]_gvfs-gphoto2-vo_RUNNING
[17:04:2025]-[09:23:06]_gvfs-goa-volume_RUNNING
[17:04:2025]-[09:23:06]_xdg-desktop-por_RUNNING
[17:04:2025]-[09:23:06]_gvfs-afc-volume_RUNNING
[17:04:2025]-[09:23:06]_mate-multiload-_RUNNING
[17:04:2025]-[09:23:06]_clock-applet_RUNNING
[17:04:2025]-[09:23:06]_notification-ar_RUNNING
[17:04:2025]-[09:23:06]_gvfsd-trash_RUNNING
[17:04:2025]-[09:23:06]_gvfsd-metadata_RUNNING
[17:04:2025]-[09:23:06]_obexd_RUNNING
[17:04:2025]-[09:23:06]_mate-terminal_RUNNING
[17:04:2025]-[09:23:06]_bash_RUNNING
[17:04:2025]-[09:23:06]_debugmon_RUNNING
[17:04:2025]-[09:23:06]_sh_RUNNING
[17:04:2025]-[09:23:06]_ps_RUNNING
[17:04:2025]-[09:23:11]_systemd_RUNNING
[17:04:2025]-[09:23:11]_(sd-pam)_RUNNING
[17:04:2025]-[09:23:11]_pulseaudio_RUNNING
[17:04:2025]-[09:23:11]_bash_RUNNING
[17:04:2025]-[09:23:11]_dbus-daemon_RUNNING
[17:04:2025]-[09:23:11]_gnome-keyring-d_RUNNING
[17:04:2025]-[09:23:11]_x-session-manag_RUNNING
[17:04:2025]-[09:23:11]_dconf-service_RUNNING
[17:04:2025]-[09:23:11]_VBoxClient_RUNNING
[17:04:2025]-[09:23:11]_VBoxClient_RUNNING
[17:04:2025]-[09:23:11]_VBoxClient_RUNNING
[17:04:2025]-[09:23:11]_VBoxClient_RUNNING
[17:04:2025]-[09:23:11]_VBoxClient_RUNNING
[17:04:2025]-[09:23:11]_VBoxClient_RUNNING
[17:04:2025]-[09:23:11]_ssh-agent_RUNNING
[17:04:2025]-[09:23:11]_at-spi-bus-laun_RUNNING
[17:04:2025]-[09:23:11]_dbus-daemon_RUNNING
[17:04:2025]-[09:23:11]_mate-settings-d_RUNNING
[17:04:2025]-[09:23:11]_at-spi2-registr_RUNNING
[17:04:2025]-[09:23:11]_marco_RUNNING
[17:04:2025]-[09:23:11]_gvfsd_RUNNING
[17:04:2025]-[09:23:11]_mate-panel_RUNNING
[17:04:2025]-[09:23:11]_gvfsd-fuse_RUNNING
[17:04:2025]-[09:23:11]_VBoxClient_RUNNING
[17:04:2025]-[09:23:11]_VBoxClient_RUNNING
[17:04:2025]-[09:23:11]_caja_RUNNING
[17:04:2025]-[09:23:11]_brisk-menu_RUNNING
[17:04:2025]-[09:23:11]_wnck-applet_RUNNING
[17:04:2025]-[09:23:11]_mate-inhibit-ap_RUNNING
[17:04:2025]-[09:23:11]_blueman-applet_RUNNING
[17:04:2025]-[09:23:11]_mate-volume-con_RUNNING
[17:04:2025]-[09:23:11]_polkit-mate-aut_RUNNING
[17:04:2025]-[09:23:11]_nm-applet_RUNNING
[17:04:2025]-[09:23:11]_applet.py_RUNNING
[17:04:2025]-[09:23:11]_agent_RUNNING
[17:04:2025]-[09:23:11]_gvfs-udisks2-vo_RUNNING
[17:04:2025]-[09:23:11]_mate-power-mana_RUNNING
[17:04:2025]-[09:23:11]_mate-screensave_RUNNING
[17:04:2025]-[09:23:11]_xdg-desktop-por_RUNNING
[17:04:2025]-[09:23:11]_xdg-document-po_RUNNING
[17:04:2025]-[09:23:11]_gvfs-mtp-volume_RUNNING
[17:04:2025]-[09:23:11]_xdg-permission-_RUNNING
[17:04:2025]-[09:23:11]_gvfs-gphoto2-vo_RUNNING
[17:04:2025]-[09:23:11]_gvfs-goa-volume_RUNNING
[17:04:2025]-[09:23:11]_xdg-desktop-por_RUNNING
[17:04:2025]-[09:23:11]_gvfs-afc-volume_RUNNING
[17:04:2025]-[09:23:11]_mate-multiload-_RUNNING
[17:04:2025]-[09:23:11]_clock-applet_RUNNING
[17:04:2025]-[09:23:11]_notification-ar_RUNNING
[17:04:2025]-[09:23:11]_gvfsd-trash_RUNNING
[17:04:2025]-[09:23:11]_gvfsd-metadata_RUNNING
[17:04:2025]-[09:23:11]_obexd_RUNNING
[17:04:2025]-[09:23:11]_mate-terminal_RUNNING
[17:04:2025]-[09:23:11]_bash_RUNNING
[17:04:2025]-[09:23:11]_debugmon_RUNNING
[17:04:2025]-[09:23:11]_sh_RUNNING
[17:04:2025]-[09:23:11]_ps_RUNNING
[17:04:2025]-[09:23:16]_systemd_RUNNING
[17:04:2025]-[09:23:16]_(sd-pam)_RUNNING
[17:04:2025]-[09:23:16]_pulseaudio_RUNNING
[17:04:2025]-[09:23:16]_bash_RUNNING
[17:04:2025]-[09:23:16]_dbus-daemon_RUNNING
[17:04:2025]-[09:23:16]_gnome-keyring-d_RUNNING
[17:04:2025]-[09:23:16]_x-session-manag_RUNNING
[17:04:2025]-[09:23:16]_dconf-service_RUNNING
[17:04:2025]-[09:23:16]_VBoxClient_RUNNING
[17:04:2025]-[09:23:16]_VBoxClient_RUNNING
[17:04:2025]-[09:23:16]_VBoxClient_RUNNING
[17:04:2025]-[09:23:16]_VBoxClient_RUNNING
[17:04:2025]-[09:23:16]_VBoxClient_RUNNING
[17:04:2025]-[09:23:16]_VBoxClient_RUNNING
[17:04:2025]-[09:23:16]_ssh-agent_RUNNING
[17:04:2025]-[09:23:16]_at-spi-bus-laun_RUNNING
[17:04:2025]-[09:23:16]_dbus-daemon_RUNNING
[17:04:2025]-[09:23:16]_mate-settings-d_RUNNING
[17:04:2025]-[09:23:16]_at-spi2-registr_RUNNING
[17:04:2025]-[09:23:16]_marco_RUNNING
[17:04:2025]-[09:23:16]_gvfsd_RUNNING
[17:04:2025]-[09:23:16]_mate-panel_RUNNING
[17:04:2025]-[09:23:16]_gvfsd-fuse_RUNNING
[17:04:2025]-[09:23:16]_VBoxClient_RUNNING
[17:04:2025]-[09:23:16]_VBoxClient_RUNNING
[17:04:2025]-[09:23:16]_caja_RUNNING
[17:04:2025]-[09:23:16]_brisk-menu_RUNNING
[17:04:2025]-[09:23:16]_wnck-applet_RUNNING
[17:04:2025]-[09:23:16]_mate-inhibit-ap_RUNNING
[17:04:2025]-[09:23:16]_blueman-applet_RUNNING
[17:04:2025]-[09:23:16]_mate-volume-con_RUNNING
[17:04:2025]-[09:23:16]_polkit-mate-aut_RUNNING
[17:04:2025]-[09:23:16]_nm-applet_RUNNING
[17:04:2025]-[09:23:16]_applet.py_RUNNING
[17:04:2025]-[09:23:16]_agent_RUNNING
[17:04:2025]-[09:23:16]_gvfs-udisks2-vo_RUNNING
[17:04:2025]-[09:23:16]_mate-power-mana_RUNNING
[17:04:2025]-[09:23:16]_mate-screensave_RUNNING
[17:04:2025]-[09:23:16]_xdg-desktop-por_RUNNING
[17:04:2025]-[09:23:16]_xdg-document-po_RUNNING
[17:04:2025]-[09:23:16]_gvfs-mtp-volume_RUNNING
[17:04:2025]-[09:23:16]_xdg-permission-_RUNNING
[17:04:2025]-[09:23:16]_gvfs-gphoto2-vo_RUNNING
[17:04:2025]-[09:23:16]_gvfs-goa-volume_RUNNING
[17:04:2025]-[09:23:16]_xdg-desktop-por_RUNNING
[17:04:2025]-[09:23:16]_gvfs-afc-volume_RUNNING
[17:04:2025]-[09:23:16]_mate-multiload-_RUNNING
[17:04:2025]-[09:23:16]_clock-applet_RUNNING
[17:04:2025]-[09:23:16]_notification-ar_RUNNING
[17:04:2025]-[09:23:16]_gvfsd-trash_RUNNING
[17:04:2025]-[09:23:16]_gvfsd-metadata_RUNNING
[17:04:2025]-[09:23:16]_obexd_RUNNING
[17:04:2025]-[09:23:16]_mate-terminal_RUNNING
[17:04:2025]-[09:23:16]_bash_RUNNING
[17:04:2025]-[09:23:16]_debugmon_RUNNING
[17:04:2025]-[09:23:16]_sh_RUNNING
[17:04:2025]-[09:23:16]_ps_RUNNING
[17:04:2025]-[09:23:47]_systemd_FAILED
[17:04:2025]-[09:23:47]_(sd-pam)_FAILED
[17:04:2025]-[09:23:47]_pulseaudio_FAILED
[17:04:2025]-[09:23:47]_bash_FAILED
[17:04:2025]-[09:23:47]_dbus-daemon_FAILED
[17:04:2025]-[09:23:47]_gnome-keyring-d_FAILED
[17:04:2025]-[09:23:47]_x-session-manag_FAILED
[17:04:2025]-[09:23:47]_dconf-service_FAILED
[17:04:2025]-[09:23:47]_VBoxClient_FAILED
[17:04:2025]-[09:23:47]_VBoxClient_FAILED
[17:04:2025]-[09:23:47]_VBoxClient_FAILED
[17:04:2025]-[09:23:47]_VBoxClient_FAILED
[17:04:2025]-[09:23:47]_VBoxClient_FAILED
[17:04:2025]-[09:23:47]_VBoxClient_FAILED
[17:04:2025]-[09:23:47]_ssh-agent_FAILED
[17:04:2025]-[09:23:47]_at-spi-bus-laun_FAILED
[17:04:2025]-[09:23:47]_dbus-daemon_FAILED
[17:04:2025]-[09:23:47]_mate-settings-d_FAILED
[17:04:2025]-[09:23:47]_at-spi2-registr_FAILED
[17:04:2025]-[09:23:47]_marco_FAILED
[17:04:2025]-[09:23:47]_gvfsd_FAILED
[17:04:2025]-[09:23:47]_mate-panel_FAILED
[17:04:2025]-[09:23:47]_gvfsd-fuse_FAILED
[17:04:2025]-[09:23:47]_VBoxClient_FAILED
[17:04:2025]-[09:23:47]_VBoxClient_FAILED
[17:04:2025]-[09:23:47]_caja_FAILED
[17:04:2025]-[09:23:47]_brisk-menu_FAILED
[17:04:2025]-[09:23:47]_wnck-applet_FAILED
[17:04:2025]-[09:23:47]_mate-inhibit-ap_FAILED
[17:04:2025]-[09:23:47]_blueman-applet_FAILED
[17:04:2025]-[09:23:47]_mate-volume-con_FAILED
[17:04:2025]-[09:23:47]_polkit-mate-aut_FAILED
[17:04:2025]-[09:23:47]_nm-applet_FAILED
[17:04:2025]-[09:23:47]_applet.py_FAILED
[17:04:2025]-[09:23:47]_agent_FAILED
[17:04:2025]-[09:23:47]_gvfs-udisks2-vo_FAILED
[17:04:2025]-[09:23:47]_mate-power-mana_FAILED
[17:04:2025]-[09:23:47]_mate-screensave_FAILED
[17:04:2025]-[09:23:47]_xdg-desktop-por_FAILED
[17:04:2025]-[09:23:47]_xdg-document-po_FAILED
[17:04:2025]-[09:23:47]_gvfs-mtp-volume_FAILED
[17:04:2025]-[09:23:47]_xdg-permission-_FAILED
[17:04:2025]-[09:23:47]_gvfs-gphoto2-vo_FAILED
[17:04:2025]-[09:23:47]_gvfs-goa-volume_FAILED
[17:04:2025]-[09:23:47]_xdg-desktop-por_FAILED
[17:04:2025]-[09:23:47]_gvfs-afc-volume_FAILED
[17:04:2025]-[09:23:47]_mate-multiload-_FAILED
[17:04:2025]-[09:23:47]_clock-applet_FAILED
[17:04:2025]-[09:23:47]_notification-ar_FAILED
[17:04:2025]-[09:23:47]_gvfsd-trash_FAILED
[17:04:2025]-[09:23:47]_gvfsd-metadata_FAILED
[17:04:2025]-[09:23:47]_obexd_FAILED
[17:04:2025]-[09:23:47]_mate-terminal_FAILED
[17:04:2025]-[09:23:47]_bash_FAILED
[17:04:2025]-[09:27:19]_systemd_FAILED
[17:04:2025]-[09:27:19]_(sd-pam)_FAILED
[17:04:2025]-[09:27:19]_pulseaudio_FAILED
[17:04:2025]-[09:27:19]_bash_FAILED
[17:04:2025]-[09:27:19]_dbus-daemon_FAILED
[17:04:2025]-[09:27:19]_gnome-keyring-d_FAILED
[17:04:2025]-[09:27:19]_x-session-manag_FAILED
[17:04:2025]-[09:27:19]_dconf-service_FAILED
[17:04:2025]-[09:27:19]_VBoxClient_FAILED
[17:04:2025]-[09:27:19]_VBoxClient_FAILED
[17:04:2025]-[09:27:19]_VBoxClient_FAILED
[17:04:2025]-[09:27:19]_VBoxClient_FAILED
[17:04:2025]-[09:27:19]_VBoxClient_FAILED
[17:04:2025]-[09:27:19]_VBoxClient_FAILED
[17:04:2025]-[09:27:19]_ssh-agent_FAILED
[17:04:2025]-[09:27:19]_at-spi-bus-laun_FAILED
[17:04:2025]-[09:27:19]_dbus-daemon_FAILED
[17:04:2025]-[09:27:19]_mate-settings-d_FAILED
[17:04:2025]-[09:27:19]_at-spi2-registr_FAILED
[17:04:2025]-[09:27:19]_marco_FAILED
[17:04:2025]-[09:27:19]_gvfsd_FAILED
[17:04:2025]-[09:27:19]_mate-panel_FAILED
[17:04:2025]-[09:27:19]_gvfsd-fuse_FAILED
[17:04:2025]-[09:27:19]_VBoxClient_FAILED
[17:04:2025]-[09:27:19]_VBoxClient_FAILED
[17:04:2025]-[09:27:19]_caja_FAILED
[17:04:2025]-[09:27:19]_blueman-applet_FAILED
[17:04:2025]-[09:27:19]_mate-volume-con_FAILED
[17:04:2025]-[09:27:19]_polkit-mate-aut_FAILED
[17:04:2025]-[09:27:19]_brisk-menu_FAILED
[17:04:2025]-[09:27:19]_nm-applet_FAILED
[17:04:2025]-[09:27:19]_applet.py_FAILED
[17:04:2025]-[09:27:19]_agent_FAILED
[17:04:2025]-[09:27:19]_gvfs-udisks2-vo_FAILED
[17:04:2025]-[09:27:19]_mate-power-mana_FAILED
[17:04:2025]-[09:27:19]_mate-screensave_FAILED
[17:04:2025]-[09:27:19]_gvfs-mtp-volume_FAILED
[17:04:2025]-[09:27:19]_xdg-desktop-por_FAILED
[17:04:2025]-[09:27:19]_gvfs-gphoto2-vo_FAILED
[17:04:2025]-[09:27:19]_xdg-document-po_FAILED
[17:04:2025]-[09:27:19]_gvfs-goa-volume_FAILED
[17:04:2025]-[09:27:19]_xdg-permission-_FAILED
[17:04:2025]-[09:27:19]_gvfs-afc-volume_FAILED
[17:04:2025]-[09:27:19]_xdg-desktop-por_FAILED
[17:04:2025]-[09:27:19]_mate-inhibit-ap_FAILED
[17:04:2025]-[09:27:19]_wnck-applet_FAILED
[17:04:2025]-[09:27:19]_mate-multiload-_FAILED
[17:04:2025]-[09:27:19]_clock-applet_FAILED
[17:04:2025]-[09:27:19]_notification-ar_FAILED
[17:04:2025]-[09:27:19]_gvfsd-trash_FAILED
[17:04:2025]-[09:27:19]_gvfsd-metadata_FAILED
[17:04:2025]-[09:27:19]_obexd_FAILED
[17:04:2025]-[09:27:19]_mate-terminal_FAILED
[17:04:2025]-[09:27:19]_bash_FAILED
[17:04:2025]-[09:30:46]_systemd_FAILED
[17:04:2025]-[09:30:46]_(sd-pam)_FAILED
[17:04:2025]-[09:30:46]_pulseaudio_FAILED
[17:04:2025]-[09:30:46]_bash_FAILED
[17:04:2025]-[09:30:46]_dbus-daemon_FAILED
[17:04:2025]-[09:30:46]_gnome-keyring-d_FAILED
[17:04:2025]-[09:30:46]_x-session-manag_FAILED
[17:04:2025]-[09:30:46]_dconf-service_FAILED
[17:04:2025]-[09:30:46]_VBoxClient_FAILED
[17:04:2025]-[09:30:46]_VBoxClient_FAILED
[17:04:2025]-[09:30:46]_VBoxClient_FAILED
[17:04:2025]-[09:30:46]_VBoxClient_FAILED
[17:04:2025]-[09:30:46]_VBoxClient_FAILED
[17:04:2025]-[09:30:46]_VBoxClient_FAILED
[17:04:2025]-[09:30:46]_ssh-agent_FAILED
[17:04:2025]-[09:30:46]_VBoxClient_FAILED
[17:04:2025]-[09:30:46]_VBoxClient_FAILED
[17:04:2025]-[09:30:46]_at-spi-bus-laun_FAILED
[17:04:2025]-[09:30:46]_dbus-daemon_FAILED
[17:04:2025]-[09:30:46]_mate-settings-d_FAILED
[17:04:2025]-[09:30:46]_at-spi2-registr_FAILED
[17:04:2025]-[09:30:46]_marco_FAILED
[17:04:2025]-[09:30:46]_gvfsd_FAILED
[17:04:2025]-[09:30:46]_gvfsd-fuse_FAILED
[17:04:2025]-[09:30:46]_mate-panel_FAILED
[17:04:2025]-[09:30:46]_caja_FAILED
[17:04:2025]-[09:30:46]_blueman-applet_FAILED
[17:04:2025]-[09:30:46]_gvfs-udisks2-vo_FAILED
[17:04:2025]-[09:30:46]_mate-volume-con_FAILED
[17:04:2025]-[09:30:46]_polkit-mate-aut_FAILED
[17:04:2025]-[09:30:46]_nm-applet_FAILED
[17:04:2025]-[09:30:46]_gvfs-mtp-volume_FAILED
[17:04:2025]-[09:30:46]_applet.py_FAILED
[17:04:2025]-[09:30:46]_agent_FAILED
[17:04:2025]-[09:30:46]_gvfs-gphoto2-vo_FAILED
[17:04:2025]-[09:30:46]_mate-power-mana_FAILED
[17:04:2025]-[09:30:46]_gvfs-goa-volume_FAILED
[17:04:2025]-[09:30:46]_mate-screensave_FAILED
[17:04:2025]-[09:30:46]_xdg-desktop-por_FAILED
[17:04:2025]-[09:30:46]_gvfs-afc-volume_FAILED
[17:04:2025]-[09:30:46]_xdg-document-po_FAILED
[17:04:2025]-[09:30:46]_xdg-permission-_FAILED
[17:04:2025]-[09:30:46]_xdg-desktop-por_FAILED
[17:04:2025]-[09:30:46]_brisk-menu_FAILED
[17:04:2025]-[09:30:46]_mate-inhibit-ap_FAILED
[17:04:2025]-[09:30:46]_wnck-applet_FAILED
[17:04:2025]-[09:30:46]_mate-multiload-_FAILED
[17:04:2025]-[09:30:46]_clock-applet_FAILED
[17:04:2025]-[09:30:46]_notification-ar_FAILED
[17:04:2025]-[09:30:46]_gvfsd-trash_FAILED
[17:04:2025]-[09:30:46]_gvfsd-metadata_FAILED
[17:04:2025]-[09:30:46]_obexd_FAILED
[17:04:2025]-[09:30:46]_mate-terminal_FAILED
